<?xml version="1.0" encoding="UTF-8"?>
<!-- Generated by org.testng.reporters.JUnitReportReporter -->
<testsuite skipped="0" hostname="DESKTOP-ED3E2O1" name="eswaracharyulu.Buvanagiri" tests="1" failures="0" timestamp="13 Nov 2018 06:52:56 GMT" time="0.028" errors="0">
  <testcase name="name" time="0.028" classname="eswaracharyulu.Buvanagiri"/>
</testsuite> <!-- eswaracharyulu.Buvanagiri -->
